{
  "stats": {
    "suites": 0,
    "tests": 1,
    "passes": 1,
    "pending": 0,
    "failures": 0,
    "start": "2025-10-31T09:32:13.264Z",
    "end": "2025-10-31T09:32:51.864Z",
    "duration": 38600,
    "testsRegistered": 1,
    "passPercent": 100,
    "pendingPercent": 0,
    "other": 0,
    "hasOther": false,
    "skipped": 0,
    "hasSkipped": false
  },
  "results": [
    {
      "uuid": "979ddf39-d15c-42d2-8d3d-ed1999cffd07",
      "title": "",
      "fullFile": "cypress\\e2e\\Test_Case\\PartnerDetails.cy.js",
      "file": "cypress\\e2e\\Test_Case\\PartnerDetails.cy.js",
      "beforeHooks": [],
      "afterHooks": [],
      "tests": [
        {
          "title": "Partner_filter",
          "fullTitle": "Partner_filter",
          "timedOut": null,
          "duration": 36552,
          "state": "passed",
          "speed": "slow",
          "pass": true,
          "fail": false,
          "pending": false,
          "context": null,
          "code": "cy.clearAllCookies();\ncy.visit(\"https://t3finj.tractorfirst.com\");\nconst mobile = '8005566027';\nconst otp = ['1', '2', '3', '4', '5', '6'];\ncy.loginWithOTP(mobile, otp);\n_PartnerDetailsPage.default.PatnerDateRange();\n_PartnerDetailsPage.default.PatnerselectThisYear();\n_PartnerDetailsPage.default.patnerType();\n_PartnerDetailsPage.default.PatnerClusterHead();\n_PartnerDetailsPage.default.PatnerFieldOfficer();\n_PartnerDetailsPage.default.PatnerHomeCoordinates();\n_PartnerDetailsPage.default.PatnerPennyDrop();\n_PartnerDetailsPage.default.Patnersearch();\n_PartnerDetailsPage.default.PatnerURLAssertion();",
          "err": {},
          "uuid": "bbbbfc01-0988-4a75-88ab-d68d7d2897e3",
          "parentUUID": "979ddf39-d15c-42d2-8d3d-ed1999cffd07",
          "isHook": false,
          "skipped": false
        }
      ],
      "suites": [],
      "passes": [
        "bbbbfc01-0988-4a75-88ab-d68d7d2897e3"
      ],
      "failures": [],
      "pending": [],
      "skipped": [],
      "duration": 36552,
      "root": true,
      "rootEmpty": false,
      "_timeout": 2000
    }
  ],
  "meta": {
    "mocha": {
      "version": "7.2.0"
    },
    "mochawesome": {
      "options": {
        "quiet": false,
        "reportFilename": "mochawesome",
        "saveHtml": false,
        "saveJson": true,
        "consoleReporter": "spec",
        "useInlineDiffs": false,
        "code": true
      },
      "version": "7.1.4"
    },
    "marge": {
      "options": {
        "charts": true,
        "reportPageTitle": "Cypress Test Report",
        "embeddedScreenshots": true,
        "inlineAssets": true,
        "saveAllAttempts": false,
        "overwrite": false,
        "html": false,
        "json": true,
        "reportDir": "cypress\\reports\\html\\.jsons"
      },
      "version": "6.3.0"
    }
  }
}