{
  "stats": {
    "suites": 0,
    "tests": 1,
    "passes": 0,
    "pending": 0,
    "failures": 1,
    "start": "2025-10-31T09:31:29.367Z",
    "end": "2025-10-31T09:32:10.676Z",
    "duration": 41309,
    "testsRegistered": 1,
    "passPercent": 0,
    "pendingPercent": 0,
    "other": 0,
    "hasOther": false,
    "skipped": 0,
    "hasSkipped": false
  },
  "results": [
    {
      "uuid": "33397736-77a3-4178-be3d-96bb46c19ef9",
      "title": "",
      "fullFile": "cypress\\e2e\\Test_Case\\LoanAmmount.cy.js",
      "file": "cypress\\e2e\\Test_Case\\LoanAmmount.cy.js",
      "beforeHooks": [],
      "afterHooks": [],
      "tests": [
        {
          "title": "LoanAmmount_filter",
          "fullTitle": "LoanAmmount_filter",
          "timedOut": null,
          "duration": 38146,
          "state": "failed",
          "speed": null,
          "pass": false,
          "fail": true,
          "pending": false,
          "context": "{\n  \"title\": \"cypress-mochawesome-reporter-screenshots\",\n  \"value\": [\n    [\n      \"\\\\Test_Case\\\\LoanAmmount.cy.js\\\\LoanAmmount_filter (failed).png\"\n    ]\n  ]\n}",
          "code": "cy.clearAllCookies();\ncy.visit(\"https://t3finj.tractorfirst.com/\");\nconst mobile = '8005566027';\nconst otp = ['1', '2', '3', '4', '5', '6'];\ncy.loginWithOTP(mobile, otp);\n_LoanAmmountPage.default.LoanAmmountDateRange();\n_LoanAmmountPage.default.LoanAmmountselectThisYear();\n_LoanAmmountPage.default.LoanAmmountDisbursmentDate();\n_LoanAmmountPage.default.LoanAmmountpaymentStatus();\n_LoanAmmountPage.default.LoanAmmountLenderName();\n_LoanAmmountPage.default.LoanAmmountCustomerName();\n_LoanAmmountPage.default.LoanAmmountRCNo();\n_LoanAmmountPage.default.loanAmmountSearch();\n_LoanAmmountPage.default.loanAmmountURLAssertion();\n_LoanAmmountPage.default.loanAmmountReset();",
          "err": {
            "message": "CypressError: `cy.click()` can only be called on a single element. Your subject contained 2 elements. Pass `{ multiple: true }` if you want to serially click each element.\n\nhttps://on.cypress.io/click",
            "estack": "CypressError: `cy.click()` can only be called on a single element. Your subject contained 2 elements. Pass `{ multiple: true }` if you want to serially click each element.\n\nhttps://on.cypress.io/click\n    at mouseAction (https://t3finj.tractorfirst.com/__cypress/runner/cypress_runner.js:113980:68)\n    at Context.click (https://t3finj.tractorfirst.com/__cypress/runner/cypress_runner.js:114147:14)\n    at wrapped (https://t3finj.tractorfirst.com/__cypress/runner/cypress_runner.js:141532:19)\nFrom Your Spec Code:\n    at LoanAmmountPage.loanAmmountReset (webpack://cypress/./cypress/e2e/Page_object_model/LoanAmmountPage.js:74:65)\n    at Context.eval (webpack://cypress/./cypress/e2e/Test_Case/LoanAmmount.cy.js:20:20)",
            "diff": null
          },
          "uuid": "b1f58758-c5a4-42ea-9635-fa4b29bc81e6",
          "parentUUID": "33397736-77a3-4178-be3d-96bb46c19ef9",
          "isHook": false,
          "skipped": false
        }
      ],
      "suites": [],
      "passes": [],
      "failures": [
        "b1f58758-c5a4-42ea-9635-fa4b29bc81e6"
      ],
      "pending": [],
      "skipped": [],
      "duration": 38146,
      "root": true,
      "rootEmpty": false,
      "_timeout": 2000
    }
  ],
  "meta": {
    "mocha": {
      "version": "7.2.0"
    },
    "mochawesome": {
      "options": {
        "quiet": false,
        "reportFilename": "mochawesome",
        "saveHtml": false,
        "saveJson": true,
        "consoleReporter": "spec",
        "useInlineDiffs": false,
        "code": true
      },
      "version": "7.1.4"
    },
    "marge": {
      "options": {
        "charts": true,
        "reportPageTitle": "Cypress Test Report",
        "embeddedScreenshots": true,
        "inlineAssets": true,
        "saveAllAttempts": false,
        "overwrite": false,
        "html": false,
        "json": true,
        "reportDir": "cypress\\reports\\html\\.jsons"
      },
      "version": "6.3.0"
    }
  }
}