{
  "stats": {
    "suites": 0,
    "tests": 1,
    "passes": 1,
    "pending": 0,
    "failures": 0,
    "start": "2025-10-31T09:29:25.665Z",
    "end": "2025-10-31T09:30:24.865Z",
    "duration": 59200,
    "testsRegistered": 1,
    "passPercent": 100,
    "pendingPercent": 0,
    "other": 0,
    "hasOther": false,
    "skipped": 0,
    "hasSkipped": false
  },
  "results": [
    {
      "uuid": "d8628009-6ed2-4134-9ea7-dd1beee42d44",
      "title": "",
      "fullFile": "cypress\\e2e\\Test_Case\\DailyWorkPoint.cy.js",
      "file": "cypress\\e2e\\Test_Case\\DailyWorkPoint.cy.js",
      "beforeHooks": [],
      "afterHooks": [],
      "tests": [
        {
          "title": "DailyWorkPoint_filter",
          "fullTitle": "DailyWorkPoint_filter",
          "timedOut": null,
          "duration": 55997,
          "state": "passed",
          "speed": "slow",
          "pass": true,
          "fail": false,
          "pending": false,
          "context": null,
          "code": "cy.clearAllCookies();\ncy.visit(\"https://t3finj.tractorfirst.com/\");\ncy.clearAllCookies();\nconst mobile = '8005566027';\nconst otp = ['1', '2', '3', '4', '5', '6'];\ncy.loginWithOTP(mobile, otp);\ncy.wait(3000);\ncy.visit(\"https://t3finj.tractorfirst.com/daily-target/all\");\n_DailyWorkPointPage.default.DWPDateRange();\n_DailyWorkPointPage.default.DWPselectThisYear();\n_DailyWorkPointPage.default.DWPState();\n_DailyWorkPointPage.default.DWPClusterHead();\n_DailyWorkPointPage.default.DWPApplyFilter();\n_DailyWorkPointPage.default.DWPURLAssertion();\n_DailyWorkPointPage.default.DWPReset();",
          "err": {},
          "uuid": "6cffb928-3cb7-4887-9ddb-f6d22d9cd710",
          "parentUUID": "d8628009-6ed2-4134-9ea7-dd1beee42d44",
          "isHook": false,
          "skipped": false
        }
      ],
      "suites": [],
      "passes": [
        "6cffb928-3cb7-4887-9ddb-f6d22d9cd710"
      ],
      "failures": [],
      "pending": [],
      "skipped": [],
      "duration": 55997,
      "root": true,
      "rootEmpty": false,
      "_timeout": 2000
    }
  ],
  "meta": {
    "mocha": {
      "version": "7.2.0"
    },
    "mochawesome": {
      "options": {
        "quiet": false,
        "reportFilename": "mochawesome",
        "saveHtml": false,
        "saveJson": true,
        "consoleReporter": "spec",
        "useInlineDiffs": false,
        "code": true
      },
      "version": "7.1.4"
    },
    "marge": {
      "options": {
        "charts": true,
        "reportPageTitle": "Cypress Test Report",
        "embeddedScreenshots": true,
        "inlineAssets": true,
        "saveAllAttempts": false,
        "overwrite": false,
        "html": false,
        "json": true,
        "reportDir": "cypress\\reports\\html\\.jsons"
      },
      "version": "6.3.0"
    }
  }
}