{
  "stats": {
    "suites": 0,
    "tests": 1,
    "passes": 1,
    "pending": 0,
    "failures": 0,
    "start": "2025-10-31T09:28:41.470Z",
    "end": "2025-10-31T09:29:23.041Z",
    "duration": 41571,
    "testsRegistered": 1,
    "passPercent": 100,
    "pendingPercent": 0,
    "other": 0,
    "hasOther": false,
    "skipped": 0,
    "hasSkipped": false
  },
  "results": [
    {
      "uuid": "1fecb8d0-cc7e-4656-96f7-36dfd547b812",
      "title": "",
      "fullFile": "cypress\\e2e\\Test_Case\\CreatePartner.cy.js",
      "file": "cypress\\e2e\\Test_Case\\CreatePartner.cy.js",
      "beforeHooks": [],
      "afterHooks": [],
      "tests": [
        {
          "title": "CreateLead",
          "fullTitle": "CreateLead",
          "timedOut": null,
          "duration": 39592,
          "state": "passed",
          "speed": "slow",
          "pass": true,
          "fail": false,
          "pending": false,
          "context": null,
          "code": "cy.clearAllCookies();\nconst mobile = '8005566027';\nconst otp = ['1', '2', '3', '4', '5', '6'];\ncy.loginWithOTP(mobile, otp);\n_CreatePartnerPage.default.Step1();\n_CreatePartnerPage.default.Step2();",
          "err": {},
          "uuid": "5181e2d4-9a3b-476f-ad71-6c87090c9116",
          "parentUUID": "1fecb8d0-cc7e-4656-96f7-36dfd547b812",
          "isHook": false,
          "skipped": false
        }
      ],
      "suites": [],
      "passes": [
        "5181e2d4-9a3b-476f-ad71-6c87090c9116"
      ],
      "failures": [],
      "pending": [],
      "skipped": [],
      "duration": 39592,
      "root": true,
      "rootEmpty": false,
      "_timeout": 2000
    }
  ],
  "meta": {
    "mocha": {
      "version": "7.2.0"
    },
    "mochawesome": {
      "options": {
        "quiet": false,
        "reportFilename": "mochawesome",
        "saveHtml": false,
        "saveJson": true,
        "consoleReporter": "spec",
        "useInlineDiffs": false,
        "code": true
      },
      "version": "7.1.4"
    },
    "marge": {
      "options": {
        "charts": true,
        "reportPageTitle": "Cypress Test Report",
        "embeddedScreenshots": true,
        "inlineAssets": true,
        "saveAllAttempts": false,
        "overwrite": false,
        "html": false,
        "json": true,
        "reportDir": "cypress\\reports\\html\\.jsons"
      },
      "version": "6.3.0"
    }
  }
}