{
  "stats": {
    "suites": 0,
    "tests": 1,
    "passes": 0,
    "pending": 0,
    "failures": 1,
    "start": "2025-10-31T09:26:58.530Z",
    "end": "2025-10-31T09:28:08.413Z",
    "duration": 69883,
    "testsRegistered": 1,
    "passPercent": 0,
    "pendingPercent": 0,
    "other": 0,
    "hasOther": false,
    "skipped": 0,
    "hasSkipped": false
  },
  "results": [
    {
      "uuid": "14c86b5a-c340-4edc-8d4e-4159869218da",
      "title": "",
      "fullFile": "cypress\\e2e\\Test_Case\\AllLead.cy.js",
      "file": "cypress\\e2e\\Test_Case\\AllLead.cy.js",
      "beforeHooks": [],
      "afterHooks": [],
      "tests": [
        {
          "title": "AllLead_filter",
          "fullTitle": "AllLead_filter",
          "timedOut": null,
          "duration": 66068,
          "state": "failed",
          "speed": null,
          "pass": false,
          "fail": true,
          "pending": false,
          "context": "{\n  \"title\": \"cypress-mochawesome-reporter-screenshots\",\n  \"value\": [\n    [\n      \"\\\\Test_Case\\\\AllLead.cy.js\\\\AllLead_filter (failed).png\"\n    ]\n  ]\n}",
          "code": "cy.clearAllCookies();\ncy.visit(\"https://t3finj.tractorfirst.com\");\nconst mobile = '8005566027';\nconst otp = ['1', '2', '3', '4', '5', '6']; // Replace with actual OTP or mock\ncy.loginWithOTP(mobile, otp);\n_AllLeadPage.default.openDateRange();\n_AllLeadPage.default.selectLastMonthRange();\n_AllLeadPage.default.selectClusterHead();\n_AllLeadPage.default.selectFieldOfficer();\n_AllLeadPage.default.selectVehicleType();\n_AllLeadPage.default.enterName();\n_AllLeadPage.default.enterRegistrationNumber();\n_AllLeadPage.default.selectSource();\n_AllLeadPage.default.selectLenderName();\n_AllLeadPage.default.selectState();\n_AllLeadPage.default.selectDistrict();\n_AllLeadPage.default.selectRCLimit();\n_AllLeadPage.default.selectRCLimitPending();\n_AllLeadPage.default.clickSearch();\n_AllLeadPage.default.assertURL();",
          "err": {
            "message": "CypressError: Timed out retrying after 4050ms: `cy.click()` failed because this element:\n\n`<span class=\"select2-selection select2-selection--single\" role=\"combobox\" aria-haspopup=\"true\" aria-expanded=\"false\" tabindex=\"0\" aria-labelledby=\"select2-payment_status-sc-container\">...</span>`\n\nis being covered by another element:\n\n`<input class=\"select2-search__field\" type=\"search\" tabindex=\"0\" autocomplete=\"off\" autocorrect=\"off\" autocapitalize=\"none\" spellcheck=\"false\" role=\"textbox\">`\n\nFix this problem, or use {force: true} to disable error checking.\n\nhttps://on.cypress.io/element-cannot-be-interacted-with",
            "estack": "CypressError: Timed out retrying after 4050ms: `cy.click()` failed because this element:\n\n`<span class=\"select2-selection select2-selection--single\" role=\"combobox\" aria-haspopup=\"true\" aria-expanded=\"false\" tabindex=\"0\" aria-labelledby=\"select2-payment_status-sc-container\">...</span>`\n\nis being covered by another element:\n\n`<input class=\"select2-search__field\" type=\"search\" tabindex=\"0\" autocomplete=\"off\" autocorrect=\"off\" autocapitalize=\"none\" spellcheck=\"false\" role=\"textbox\">`\n\nFix this problem, or use {force: true} to disable error checking.\n\nhttps://on.cypress.io/element-cannot-be-interacted-with\n    at ensureIsDescendent (https://t3finj.tractorfirst.com/__cypress/runner/cypress_runner.js:114387:68)\n    at ensureDescendents (https://t3finj.tractorfirst.com/__cypress/runner/cypress_runner.js:114438:5)\n    at ensureDescendentsAndScroll (https://t3finj.tractorfirst.com/__cypress/runner/cypress_runner.js:114444:14)\n    at ensureElIsNotCovered (https://t3finj.tractorfirst.com/__cypress/runner/cypress_runner.js:114575:5)\n    at runAllChecks (https://t3finj.tractorfirst.com/__cypress/runner/cypress_runner.js:114774:52)\n    at retryActionability (https://t3finj.tractorfirst.com/__cypress/runner/cypress_runner.js:114811:16)\n    at tryCatcher (https://t3finj.tractorfirst.com/__cypress/runner/cypress_runner.js:1777:23)\n    at Promise.attempt.Promise.try (https://t3finj.tractorfirst.com/__cypress/runner/cypress_runner.js:4285:29)\n    at whenStable (https://t3finj.tractorfirst.com/__cypress/runner/cypress_runner.js:147205:68)\n    at <unknown> (https://t3finj.tractorfirst.com/__cypress/runner/cypress_runner.js:147146:14)\n    at tryCatcher (https://t3finj.tractorfirst.com/__cypress/runner/cypress_runner.js:1777:23)\n    at Promise._settlePromiseFromHandler (https://t3finj.tractorfirst.com/__cypress/runner/cypress_runner.js:1489:31)\n    at Promise._settlePromise (https://t3finj.tractorfirst.com/__cypress/runner/cypress_runner.js:1546:18)\n    at Promise._settlePromise0 (https://t3finj.tractorfirst.com/__cypress/runner/cypress_runner.js:1591:10)\n    at Promise._settlePromises (https://t3finj.tractorfirst.com/__cypress/runner/cypress_runner.js:1671:18)\n    at Promise._fulfill (https://t3finj.tractorfirst.com/__cypress/runner/cypress_runner.js:1615:18)\n    at <unknown> (https://t3finj.tractorfirst.com/__cypress/runner/cypress_runner.js:5420:46)\nFrom Your Spec Code:\n    at AllLeadPage.selectRCLimit (webpack://cypress/./cypress/e2e/Page_object_model/AllLeadPage.js:73:52)\n    at Context.eval (webpack://cypress/./cypress/e2e/Test_Case/AllLead.cy.js:24:14)",
            "diff": null
          },
          "uuid": "9a96d741-3885-423c-9f81-fb31f8817b09",
          "parentUUID": "14c86b5a-c340-4edc-8d4e-4159869218da",
          "isHook": false,
          "skipped": false
        }
      ],
      "suites": [],
      "passes": [],
      "failures": [
        "9a96d741-3885-423c-9f81-fb31f8817b09"
      ],
      "pending": [],
      "skipped": [],
      "duration": 66068,
      "root": true,
      "rootEmpty": false,
      "_timeout": 2000
    }
  ],
  "meta": {
    "mocha": {
      "version": "7.2.0"
    },
    "mochawesome": {
      "options": {
        "quiet": false,
        "reportFilename": "mochawesome",
        "saveHtml": false,
        "saveJson": true,
        "consoleReporter": "spec",
        "useInlineDiffs": false,
        "code": true
      },
      "version": "7.1.4"
    },
    "marge": {
      "options": {
        "charts": true,
        "reportPageTitle": "Cypress Test Report",
        "embeddedScreenshots": true,
        "inlineAssets": true,
        "saveAllAttempts": false,
        "overwrite": false,
        "html": false,
        "json": true,
        "reportDir": "cypress\\reports\\html\\.jsons"
      },
      "version": "6.3.0"
    }
  }
}